<?xml version="1.0" encoding="UTF-8"?>
<testsuite name="this.is.a.package.AmazingTest" tests="4" skipped="0" failures="0" errors="0" timestamp="2016-05-17T04:52:39" hostname="localhost" time="0.347">
  <properties/>
  <testcase name="amazingTest_dummyName_raisesException" classname="unit.this.is.a.package.AmazingTest" time="0.323"/>
  <testcase name="amazingTest_dummyName_returnsLimitPolicy" classname="unit.this.is.a.package.AmazingTest" time="0.007"/>
  <testcase name="amazingTest_dummyName_raisesException" classname=unit.this.is.a.package.AmazingTest" time="0.007"/>
  <testcase name="amazingTest_dummyName_returnsLimitPolicy" classname="unit.this.is.a.package.AmazingTest" time="0.008"/>
  <system-out><![CDATA[]]></system-out>
  <system-err><![CDATA[]]></system-err>
</testsuite>
